==455981== Memcheck, a memory error detector
==455981== Copyright (C) 2002-2017, and GNU GPL'd, by Julian Seward et al.
==455981== Using Valgrind-3.18.1 and LibVEX; rerun with -h for copyright info
==455981== Command: ./philo 5 200 300 300
==455981== Parent PID: 451391
==455981== 
==455981== 
==455981== Process terminating with default action of signal 2 (SIGINT)
==455981==    at 0x401EBF: time_check (routine.c:138)
==455981==    by 0x401DDD: sleeper (routine.c:97)
==455981==    by 0x401B12: routine (routine.c:39)
==455981==    by 0x4908AC2: start_thread (pthread_create.c:442)
==455981==    by 0x4999A73: clone (clone.S:100)
==455981== 
==455981== HEAP SUMMARY:
==455981==     in use at exit: 2,656 bytes in 7 blocks
==455981==   total heap usage: 7 allocs, 0 frees, 2,656 bytes allocated
==455981== 
==455981== 272 bytes in 1 blocks are possibly lost in loss record 1 of 3
==455981==    at 0x484DA83: calloc (in /usr/libexec/valgrind/vgpreload_memcheck-amd64-linux.so)
==455981==    by 0x40147D9: calloc (rtld-malloc.h:44)
==455981==    by 0x40147D9: allocate_dtv (dl-tls.c:375)
==455981==    by 0x40147D9: _dl_allocate_tls (dl-tls.c:634)
==455981==    by 0x49097B4: allocate_stack (allocatestack.c:430)
==455981==    by 0x49097B4: pthread_create@@GLIBC_2.34 (pthread_create.c:647)
==455981==    by 0x401601: init_philos (main.c:77)
==455981==    by 0x4016BF: main (main.c:92)
==455981== 
==455981== 1,024 bytes in 1 blocks are still reachable in loss record 2 of 3
==455981==    at 0x4848899: malloc (in /usr/libexec/valgrind/vgpreload_memcheck-amd64-linux.so)
==455981==    by 0x48F2BA3: _IO_file_doallocate (filedoalloc.c:101)
==455981==    by 0x4901CDF: _IO_doallocbuf (genops.c:347)
==455981==    by 0x4900F5F: _IO_file_overflow@@GLIBC_2.2.5 (fileops.c:744)
==455981==    by 0x48FF6D4: _IO_new_file_xsputn (fileops.c:1243)
==455981==    by 0x48FF6D4: _IO_file_xsputn@@GLIBC_2.2.5 (fileops.c:1196)
==455981==    by 0x48E9CA8: outstring_func (vfprintf-internal.c:239)
==455981==    by 0x48E9CA8: __vfprintf_internal (vfprintf-internal.c:1516)
==455981==    by 0x48D479E: printf (printf.c:33)
==455981==    by 0x401944: safe_print (utils.c:56)
==455981==    by 0x401C29: eating (routine.c:63)
==455981==    by 0x401ADD: routine (routine.c:35)
==455981==    by 0x4908AC2: start_thread (pthread_create.c:442)
==455981==    by 0x4999A73: clone (clone.S:100)
==455981== 
==455981== 1,360 bytes in 5 blocks are possibly lost in loss record 3 of 3
==455981==    at 0x484DA83: calloc (in /usr/libexec/valgrind/vgpreload_memcheck-amd64-linux.so)
==455981==    by 0x40147D9: calloc (rtld-malloc.h:44)
==455981==    by 0x40147D9: allocate_dtv (dl-tls.c:375)
==455981==    by 0x40147D9: _dl_allocate_tls (dl-tls.c:634)
==455981==    by 0x49097B4: allocate_stack (allocatestack.c:430)
==455981==    by 0x49097B4: pthread_create@@GLIBC_2.34 (pthread_create.c:647)
==455981==    by 0x4015D8: init_philos (main.c:73)
==455981==    by 0x4016BF: main (main.c:92)
==455981== 
==455981== LEAK SUMMARY:
==455981==    definitely lost: 0 bytes in 0 blocks
==455981==    indirectly lost: 0 bytes in 0 blocks
==455981==      possibly lost: 1,632 bytes in 6 blocks
==455981==    still reachable: 1,024 bytes in 1 blocks
==455981==         suppressed: 0 bytes in 0 blocks
==455981== 
==455981== For lists of detected and suppressed errors, rerun with: -s
==455981== ERROR SUMMARY: 2 errors from 2 contexts (suppressed: 0 from 0)
